['', 'Snapshot', '', 'https://www.forbes.com/sites/gusalexiou/2023/05/28/companies-grossly-underestimating-how-many-disabled-employees-they-have-study-shows/?sh=1c41d63359d3\n']
Title: Companies Grossly Underestimating How Many Disabled Employees They Have, Study Shows
URL: https://www.forbes.com/sites/gusalexiou/2023/05/28/companies-grossly-underestimating-how-many-disabled-employees-they-have-study-shows/?sh=1c41d63359d3
['', 'Snapshot', '', 'https://twitter.com/williamcson/status/1665467187539197954\n']
Failed to retrieve HTML content. Status code: 400 https://twitter.com/williamcson/status/1665467187539197954
['', 'Snapshot', '', 'https://momentum.medium.com/a-black-life-should-be-worth-more-than-a-bottle-of-water-6045105b37f1\n']
Title: A Black Life Should Be Worth More Than a Bottle of Water | by Allison Wiltz | Momentum
URL: https://momentum.medium.com/a-black-life-should-be-worth-more-than-a-bottle-of-water-6045105b37f1
['', 'Snapshot', '', 'https://twitter.com/TurnbullVanessa/status/1664058429013651457\n']
Failed to retrieve HTML content. Status code: 400 https://twitter.com/TurnbullVanessa/status/1664058429013651457
['', 'Snapshot', '', 'https://twitter.com/TurnbullVanessa/status/1664058006097764352\n']
Failed to retrieve HTML content. Status code: 400 https://twitter.com/TurnbullVanessa/status/1664058006097764352
['', 'Snapshot', '', 'https://www.forbes.com/sites/pamdanziger/2023/05/26/targets-latest-lgbtq-merchandise-fallout-puts-its-dei-commitment-to-the-test-again/amp/\n']
Title: Target’s Latest LGBTQ+ Merchandise Fallout Puts Its DEI Commitment To The Test, Again
URL: https://www.forbes.com/sites/pamdanziger/2023/05/26/targets-latest-lgbtq-merchandise-fallout-puts-its-dei-commitment-to-the-test-again/amp/
['', 'Snapshot', '', 'https://twitter.com/lauramoates/status/1661270714920443904\n']
Failed to retrieve HTML content. Status code: 400 https://twitter.com/lauramoates/status/1661270714920443904
['', 'Snapshot', '', 'https://twitter.com/AntonEmmanuel2/status/1659182409269608448\n']
Failed to retrieve HTML content. Status code: 400 https://twitter.com/AntonEmmanuel2/status/1659182409269608448
['', 'Snapshot', '', 'https://twitter.com/AntonEmmanuel2/status/1659182193682403328\n']
Failed to retrieve HTML content. Status code: 400 https://twitter.com/AntonEmmanuel2/status/1659182193682403328
['', 'Snapshot', '', 'https://twitter.com/AntonEmmanuel2/status/1659181907555368961\n']
Failed to retrieve HTML content. Status code: 400 https://twitter.com/AntonEmmanuel2/status/1659181907555368961
['', 'Snapshot', '', 'https://www.ecu.edu.au/schools/business-and-law/research/centre-for-work-wellbeing/resources-for-industry\n']
Title: ECU | Reports and resources for industry :  Centre for Work + Wellbeing :  Research :  Business and Law :  Schools
URL: https://www.ecu.edu.au/schools/business-and-law/research/centre-for-work-wellbeing/resources-for-industry
['', 'Snapshot', '', 'https://australiainstitute.org.au/post/pwc-ceo-resignation-reflects-need-for-structural-consultancy-reform/\n']
Failed to retrieve HTML content. Status code: 403 https://australiainstitute.org.au/post/pwc-ceo-resignation-reflects-need-for-structural-consultancy-reform/
['', 'Snapshot', '', 'https://twitter.com/AmyCreighton123/status/1659150451999395841\n']
Failed to retrieve HTML content. Status code: 400 https://twitter.com/AmyCreighton123/status/1659150451999395841
['', 'Snapshot', '', 'https://biasinterrupters.org/hiring/\n']
Title: Hiring – Bias Interrupters
URL: https://biasinterrupters.org/hiring/
['', 'Snapshot', '', 'https://scanloninstitute.org.au/publications/essays/reflections-on-labels\n']
Title: 'Why call me that?' Reflections on labels in a diverse nation | Scanlon institute
URL: https://scanloninstitute.org.au/publications/essays/reflections-on-labels
['', 'Snapshot', '', 'https://www.rmit.edu.au/news/all-news/2021/feb/women-in-construction-report\n']
Title: Systemic change needed to increase women in construction: report - RMIT University
URL: https://www.rmit.edu.au/news/all-news/2021/feb/women-in-construction-report
['', 'Snapshot', '', 'https://www.abc.net.au/news/2023-05-16/marion-scrymgour-nt-beetaloo-basin-fracking-water-concern/102351558\n']
Title: MP Marion Scrymgour calls for hold on Beetaloo Basin approvals over fracking risks - ABC News
URL: https://www.abc.net.au/news/2023-05-16/marion-scrymgour-nt-beetaloo-basin-fracking-water-concern/102351558
['', 'Snapshot', '', 'https://docs.google.com/document/d/1S2dzFNfIL1-7_zIuhSzQL9wVT2OF32kGN0uBADe66Oc/edit#\n']
Title: Rowland Notes - Google Docs
URL: https://docs.google.com/document/d/1S2dzFNfIL1-7_zIuhSzQL9wVT2OF32kGN0uBADe66Oc/edit#
['', 'Snapshot', '', 'https://theconversation.com/at-times-devastating-always-powerful-new-sbs-drama-safe-home-looks-at-domestic-violence-with-nuance-integrity-and-care-204910\n']
Failed to retrieve HTML content. Status code: 403 https://theconversation.com/at-times-devastating-always-powerful-new-sbs-drama-safe-home-looks-at-domestic-violence-with-nuance-integrity-and-care-204910
['', 'Snapshot', '', 'https://theconversation.com/government-plans-to-use-ndis-bulk-buying-power-to-help-save-billions-but-they-shouldnt-put-products-before-people-205577\n']
Failed to retrieve HTML content. Status code: 403 https://theconversation.com/government-plans-to-use-ndis-bulk-buying-power-to-help-save-billions-but-they-shouldnt-put-products-before-people-205577
['', 'Snapshot', '', 'https://www.simscale.com/blog/nasa-mars-climate-orbiter-metric/\n']
Failed to retrieve HTML content. Status code: 403 https://www.simscale.com/blog/nasa-mars-climate-orbiter-metric/
['', 'Snapshot', '', 'https://www.wbur.org/news/2023/05/11/boston-life-expectancy-gap-back-bay-roxbury\n']
Title: Back Bay to Nubian Square: 2 miles and a 23-year life expectancy gap | WBUR News
URL: https://www.wbur.org/news/2023/05/11/boston-life-expectancy-gap-back-bay-roxbury
['', 'Snapshot', '', 'https://www.abc.net.au/news/2021-10-15/disability-royal-commission-hears-domestic-violence-statistics/100539580\n']
Title: Royal commission told of 'heartbreaking' abuse faced by women with disability - ABC News
URL: https://www.abc.net.au/news/2021-10-15/disability-royal-commission-hears-domestic-violence-statistics/100539580
['', 'Snapshot', '', 'https://www.abc.net.au/news/2023-05-13/disability-royal-commission-biggest-stories/102326830\n']
Title: The biggest takeaways from the disability royal commission after four years of hearings - ABC News
URL: https://www.abc.net.au/news/2023-05-13/disability-royal-commission-biggest-stories/102326830
['', 'Snapshot', '', 'https://twitter.com/PaperWhispers/status/1656955342163529728\n']
Failed to retrieve HTML content. Status code: 400 https://twitter.com/PaperWhispers/status/1656955342163529728
['', 'Snapshot', '', 'https://twitter.com/eveosh/status/1654413801351962625\n']
Failed to retrieve HTML content. Status code: 400 https://twitter.com/eveosh/status/1654413801351962625
['', 'Snapshot', '', 'https://twitter.com/BraybrookA/status/1654332787720359936\n']
Failed to retrieve HTML content. Status code: 400 https://twitter.com/BraybrookA/status/1654332787720359936
['', 'Snapshot', '', 'https://www.cnbc.com/2018/04/11/goldman-asks-is-curing-patients-a-sustainable-business-model.html\n']
Title: Goldman asks: 'Is curing patients a sustainable business model?'
URL: https://www.cnbc.com/2018/04/11/goldman-asks-is-curing-patients-a-sustainable-business-model.html
['', 'Snapshot', '', 'https://www.abc.net.au/news/2023-05-05/ross-garnaut-rate-hikes-feed-inflation-urges-policy-overhaul/102302152\n']
Title: RBA's rate hikes creating inflation, Ross Garnaut says, calling for radical overhaul of economic policy - ABC News
URL: https://www.abc.net.au/news/2023-05-05/ross-garnaut-rate-hikes-feed-inflation-urges-policy-overhaul/102302152
['', 'Snapshot', '', 'https://www.abc.net.au/news/2023-05-05/african-families-flemington-primary-school-allegations/102289452\n']
Title: African-Australian families detail allegations of bullying and racism at Melbourne school - ABC News
URL: https://www.abc.net.au/news/2023-05-05/african-families-flemington-primary-school-allegations/102289452
['', 'Snapshot', '', 'https://twitter.com/karlie_moon_/status/1653662245308731392\n']
Failed to retrieve HTML content. Status code: 400 https://twitter.com/karlie_moon_/status/1653662245308731392
['', 'Snapshot', '', 'https://dandenong.starcommunity.com.au/news/2023-04-20/racism-in-sth-east-under-reported-study/\n']
Title: Racism in Sth East under-reported: study | Dandenong Star Journal
URL: https://dandenong.starcommunity.com.au/news/2023-04-20/racism-in-sth-east-under-reported-study/
['', 'Snapshot', '', 'https://equityinthecenter.org/white-women-doing-white-supremacy-in-nonprofit-culture/?trk=feed_main-feed-card_feed-article-content\n']
Failed to retrieve HTML content. Status code: 403 https://equityinthecenter.org/white-women-doing-white-supremacy-in-nonprofit-culture/?trk=feed_main-feed-card_feed-article-content
['', 'Snapshot', '', 'https://twitter.com/eveosh/status/1648076352954806274\n']
Failed to retrieve HTML content. Status code: 400 https://twitter.com/eveosh/status/1648076352954806274
['', 'Snapshot', '', 'https://www.theguardian.com/us-news/2023/apr/12/indiana-jail-schizophrenia-solitary-cell-joshua-mclemore-video?CMP=share_btn_tw\n']
Title: Man with schizophrenia was left naked in jail cell for weeks before death, video shows | Indiana | The Guardian
URL: https://www.theguardian.com/us-news/2023/apr/12/indiana-jail-schizophrenia-solitary-cell-joshua-mclemore-video?CMP=share_btn_tw
['', 'Snapshot', '', 'https://twitter.com/ItsBigZuu/status/1642492425754013696\n']
Failed to retrieve HTML content. Status code: 400 https://twitter.com/ItsBigZuu/status/1642492425754013696
['', 'Snapshot', '', 'https://twitter.com/dhadjowa/status/1643111582547976192\n']
Failed to retrieve HTML content. Status code: 400 https://twitter.com/dhadjowa/status/1643111582547976192
['', 'Snapshot', '', 'https://twitter.com/bluntshovels/status/1643108376967258115\n']
Failed to retrieve HTML content. Status code: 400 https://twitter.com/bluntshovels/status/1643108376967258115
['', 'Snapshot', '', 'https://www.afr.com/companies/healthcare-and-fitness/ndis-watchdog-sues-provider-livebetter-for-death-while-in-care-20230403-p5cxpz\n']
Title: NDIS watchdog sues provider LiveBetter for death while in care
URL: https://www.afr.com/companies/healthcare-and-fitness/ndis-watchdog-sues-provider-livebetter-for-death-while-in-care-20230403-p5cxpz
['', 'Snapshot', '', 'https://twitter.com/bluntshovels/status/1642997672671055873\n']
Failed to retrieve HTML content. Status code: 400 https://twitter.com/bluntshovels/status/1642997672671055873
['', 'Snapshot', '', 'https://www.npr.org/2023/04/03/1167704651/angel-reese-caitlin-clark-you-cant-see-me-gesture\n']
Title: Angel Reese, Caitlin Clark and the 'You Can't See Me' gesture, explained : NPR
URL: https://www.npr.org/2023/04/03/1167704651/angel-reese-caitlin-clark-you-cant-see-me-gesture
['', 'Snapshot', '', 'https://twitter.com/bibicosplays/status/1642648424599404545\n']
Failed to retrieve HTML content. Status code: 400 https://twitter.com/bibicosplays/status/1642648424599404545
['', 'Snapshot', '', 'https://twitter.com/haziethompson/status/1641214922271911936\n']
Failed to retrieve HTML content. Status code: 400 https://twitter.com/haziethompson/status/1641214922271911936
['', 'Snapshot', '', 'https://hireup.com.au/news/a-decade-in-the-ndis-has-been-transformative-but-has-it-delivered-on-its-promises/\n']
Title: A decade in, the NDIS has been “transformative”. But has it delivered on its promises?  | Hireup
URL: https://hireup.com.au/news/a-decade-in-the-ndis-has-been-transformative-but-has-it-delivered-on-its-promises/
['', 'Snapshot', '', 'https://twitter.com/drcwatego/status/1640472981343449088\n']
Failed to retrieve HTML content. Status code: 400 https://twitter.com/drcwatego/status/1640472981343449088
['', 'Snapshot', '', 'https://twitter.com/ohhhhhcarolina/status/1638726734509137920\n']
Failed to retrieve HTML content. Status code: 400 https://twitter.com/ohhhhhcarolina/status/1638726734509137920
['', 'Snapshot', '', 'https://twitter.com/bluntshovels/status/1639002983827664896\n']
Failed to retrieve HTML content. Status code: 400 https://twitter.com/bluntshovels/status/1639002983827664896
['', 'Snapshot', '', 'https://twitter.com/akaWACA/status/1638715971404955655\n']
Failed to retrieve HTML content. Status code: 400 https://twitter.com/akaWACA/status/1638715971404955655
['', 'Snapshot', '', 'https://twitter.com/Theholisticpsyc/status/1638916269197099015\n']
Failed to retrieve HTML content. Status code: 400 https://twitter.com/Theholisticpsyc/status/1638916269197099015
['', 'Snapshot', '', 'https://twitter.com/drcwatego/status/1638716321176391687\n']
Failed to retrieve HTML content. Status code: 400 https://twitter.com/drcwatego/status/1638716321176391687
['', 'Snapshot', '', 'https://www.rd.com/article/microaggressions-at-work/\n']
Failed to retrieve HTML content. Status code: 403 https://www.rd.com/article/microaggressions-at-work/
['', 'Snapshot', '', 'https://www.couriermail.com.au/subscribe/news/1/?sourceCode=CMWEB_WRE170_a_TWT&dest=https%3A%2F%2Fwww.couriermail.com.au%2Ftruecrimeaustralia%2Fpolice-courts-qld%2Fjai-anderson-mourned-on-his-18th-birthday-after-alleged-hitrun-death%2Fnews-story%2F5ab3e15841bd09be3de7f687b04ec6cd&memtype=anonymous&mode=premium&v21=dynamic-groupb-control-noscore&V21spcbehaviour=append\n']
Title: Couriermail.com.au | Subscribe to The Courier Mail for exclusive stories
URL: https://www.couriermail.com.au/subscribe/news/1/?sourceCode=CMWEB_WRE170_a_TWT&dest=https%3A%2F%2Fwww.couriermail.com.au%2Ftruecrimeaustralia%2Fpolice-courts-qld%2Fjai-anderson-mourned-on-his-18th-birthday-after-alleged-hitrun-death%2Fnews-story%2F5ab3e15841bd09be3de7f687b04ec6cd&memtype=anonymous&mode=premium&v21=dynamic-groupb-control-noscore&V21spcbehaviour=append
['', 'Snapshot', '', 'https://www.kindenterprises.co/anti-racism-insights/australian-multicultural-framework-review\n']
Title: "Multicultural Framework Review Must Acknowledge Systemic Racism" — Kind Enterprises
URL: https://www.kindenterprises.co/anti-racism-insights/australian-multicultural-framework-review
['', 'Snapshot', '', 'https://twitter.com/bluntshovels/status/1635014807488438273\n']
Failed to retrieve HTML content. Status code: 400 https://twitter.com/bluntshovels/status/1635014807488438273
['', 'Snapshot', '', 'https://ninan.medium.com/was-gandhi-anti-black-and-racist-2a82084594e4\n']
Title: Why Some People Think Mahatma Gandhi Was Anti Black and Racist? Does Gandhi’s Own Writings Tell That About Him? | by Anup Sam Ninan PhD | Medium
URL: https://ninan.medium.com/was-gandhi-anti-black-and-racist-2a82084594e4
['', 'Snapshot', '', 'https://twitter.com/a_h_reaume/status/1633511727785713664\n']
Failed to retrieve HTML content. Status code: 400 https://twitter.com/a_h_reaume/status/1633511727785713664
['', 'Snapshot', '', 'https://www.abc.net.au/news/2023-03-06/iwd-racially-marginalised-women-hide-their-identity-code-switch/102032030\n']
Title: Why racially marginalised women hide their identity by 'code-switching' to act 'white' at work - ABC News
URL: https://www.abc.net.au/news/2023-03-06/iwd-racially-marginalised-women-hide-their-identity-code-switch/102032030
['', 'Snapshot', '', 'https://www.womenofinfluence.ca/2023/03/01/tps-press-release/\n']
Failed to retrieve HTML content. Status code: 403 https://www.womenofinfluence.ca/2023/03/01/tps-press-release/
['', 'Snapshot', '', 'https://twitter.com/Olas_Truth/status/1631536468878413826\n']
Failed to retrieve HTML content. Status code: 400 https://twitter.com/Olas_Truth/status/1631536468878413826
['', 'Snapshot', '', 'https://twitter.com/noturAboriginal/status/1631518389574447104\n']
Failed to retrieve HTML content. Status code: 400 https://twitter.com/noturAboriginal/status/1631518389574447104
['', 'Snapshot', '', 'https://twitter.com/michelle_saf/status/1630927399796834304\n']
Failed to retrieve HTML content. Status code: 400 https://twitter.com/michelle_saf/status/1630927399796834304
['', 'Snapshot', '', 'https://twitter.com/eveosh/status/1630833696709173248\n']
Failed to retrieve HTML content. Status code: 400 https://twitter.com/eveosh/status/1630833696709173248
['', 'Snapshot', '', 'https://www.peoplemanagement.co.uk/article/1791252/black-south-asian-women-two-months-longer-secure-first-job-research-finds\n']
Title: Black and South Asian women take two months longer to secure first job, research finds
URL: https://www.peoplemanagement.co.uk/article/1791252/black-south-asian-women-two-months-longer-secure-first-job-research-finds
['', 'Snapshot', '', 'https://www.thecut.com/article/book-excerpt-jessica-wilson.html\n']
Title: How Our Definition of Healthy Fails Black Women
URL: https://www.thecut.com/article/book-excerpt-jessica-wilson.html
['', 'Snapshot', '', 'https://twitter.com/PaperWhispers/status/1630135194215645184\n']
Failed to retrieve HTML content. Status code: 400 https://twitter.com/PaperWhispers/status/1630135194215645184
['', 'Snapshot', '', 'https://aubreyblanche.com/blog/best-for-diversity-lists-actively-hinder-progress-stop-submitting-to-them\n']
Title: “Best for Diversity” lists actively hinder progress. Stop submitting to them. — The Mathpath | Aubrey Blanche
URL: https://aubreyblanche.com/blog/best-for-diversity-lists-actively-hinder-progress-stop-submitting-to-them
['', 'Snapshot', '', 'https://www.thenation.com/article/society/beyonce-black-women-grammys/\n']
